app/build/outputs/logs/manifest-merger-debug-report.txt
-- Merging decision tree log ---
manifest
ADDED from src\main\AndroidManifest.xml:2:1-83:12
	package
		ADDED from src\main\AndroidManifest.xml:4:5-41
		INJECTED from src\main\AndroidManifest.xml
		INJECTED from src\main\AndroidManifest.xml
	android:versionName
		INJECTED from src\main\AndroidManifest.xml
		INJECTED from src\main\AndroidManifest.xml
	xmlns:tools
		ADDED from src\main\AndroidManifest.xml:3:5-51
	xmlns:android
		ADDED from src\main\AndroidManifest.xml:2:11-69
	android:versionCode
		INJECTED from src\main\AndroidManifest.xml
		INJECTED from src\main\AndroidManifest.xml
uses-permission#android.permission.WAKE_LOCK
ADDED from src\main\AndroidManifest.xml:6:5-67
	android:name
		ADDED from src\main\AndroidManifest.xml:6:22-65
uses-permission#android.permission.RECEIVE_BOOT_COMPLETED
ADDED from src\main\AndroidManifest.xml:7:5-81
	android:name
		ADDED from src\main\AndroidManifest.xml:7:22-78
uses-permission#android.permission.WRITE_SETTINGS
ADDED from src\main\AndroidManifest.xml:8:5-73
	android:name
		ADDED from src\main\AndroidManifest.xml:8:22-70
uses-permission#android.permission.DUMP
ADDED from src\main\AndroidManifest.xml:9:5-99
	tools:ignore
		ADDED from src\main\AndroidManifest.xml:9:61-96
	android:name
		ADDED from src\main\AndroidManifest.xml:9:22-60
uses-permission#android.permission.DEVICE_POWER
ADDED from src\main\AndroidManifest.xml:10:5-106
	tools:ignore
		ADDED from src\main\AndroidManifest.xml:10:69-104
	android:name
		ADDED from src\main\AndroidManifest.xml:10:22-68
uses-permission#android.permission.READ_LOGS
ADDED from src\main\AndroidManifest.xml:11:5-68
	android:name
		ADDED from src\main\AndroidManifest.xml:11:22-65
application
ADDED from src\main\AndroidManifest.xml:13:5-81:19
MERGED from [com.android.support:appcompat-v7:23.4.0] AndroidManifest.xml:25:5-20
MERGED from [com.android.support:animated-vector-drawable:23.4.0] AndroidManifest.xml:7:5-20
MERGED from [com.android.support:support-vector-drawable:23.4.0] AndroidManifest.xml:7:5-20
MERGED from [com.android.support:support-v4:23.4.0] AndroidManifest.xml:22:5-20
MERGED from [com.android.support:support-v4:23.4.0] AndroidManifest.xml:22:5-20
MERGED from [com.android.support:support-vector-drawable:23.4.0] AndroidManifest.xml:7:5-20
MERGED from [com.android.support:support-v4:23.4.0] AndroidManifest.xml:22:5-20
MERGED from [com.android.support:design:23.4.0] AndroidManifest.xml:22:5-20
MERGED from [com.android.support:support-v4:23.4.0] AndroidManifest.xml:22:5-20
MERGED from [com.android.support:appcompat-v7:23.4.0] AndroidManifest.xml:25:5-20
MERGED from [com.android.support:animated-vector-drawable:23.4.0] AndroidManifest.xml:7:5-20
MERGED from [com.android.support:support-vector-drawable:23.4.0] AndroidManifest.xml:7:5-20
MERGED from [com.android.support:support-v4:23.4.0] AndroidManifest.xml:22:5-20
MERGED from [com.android.support:support-v4:23.4.0] AndroidManifest.xml:22:5-20
MERGED from [com.android.support:support-vector-drawable:23.4.0] AndroidManifest.xml:7:5-20
MERGED from [com.android.support:support-v4:23.4.0] AndroidManifest.xml:22:5-20
MERGED from [com.android.support:support-v4:23.4.0] AndroidManifest.xml:22:5-20
MERGED from [com.github.afollestad.material-dialogs:core:0.8.5.8] AndroidManifest.xml:13:5-20
MERGED from [com.android.support:support-v4:23.4.0] AndroidManifest.xml:22:5-20
MERGED from [com.android.support:appcompat-v7:23.4.0] AndroidManifest.xml:25:5-20
MERGED from [com.android.support:animated-vector-drawable:23.4.0] AndroidManifest.xml:7:5-20
MERGED from [com.android.support:support-vector-drawable:23.4.0] AndroidManifest.xml:7:5-20
MERGED from [com.android.support:support-v4:23.4.0] AndroidManifest.xml:22:5-20
MERGED from [com.android.support:support-v4:23.4.0] AndroidManifest.xml:22:5-20
MERGED from [com.android.support:support-vector-drawable:23.4.0] AndroidManifest.xml:7:5-20
MERGED from [com.android.support:support-v4:23.4.0] AndroidManifest.xml:22:5-20
MERGED from [com.android.support:support-v4:23.4.0] AndroidManifest.xml:22:5-20
MERGED from [com.android.support:appcompat-v7:23.4.0] AndroidManifest.xml:25:5-20
MERGED from [com.android.support:animated-vector-drawable:23.4.0] AndroidManifest.xml:7:5-20
MERGED from [com.android.support:support-vector-drawable:23.4.0] AndroidManifest.xml:7:5-20
MERGED from [com.android.support:support-v4:23.4.0] AndroidManifest.xml:22:5-20
MERGED from [com.android.support:support-v4:23.4.0] AndroidManifest.xml:22:5-20
MERGED from [com.android.support:support-vector-drawable:23.4.0] AndroidManifest.xml:7:5-20
MERGED from [com.android.support:support-v4:23.4.0] AndroidManifest.xml:22:5-20
MERGED from [com.jakewharton:process-phoenix:1.0.2] AndroidManifest.xml:7:5-12:19
MERGED from [de.cketti.library.changelog:ckchangelog:1.2.2] AndroidManifest.xml:9:5-20
MERGED from [io.github.eliseomartelli:simple-custom-tabs:1.2.0] AndroidManifest.xml:11:5-15:19
MERGED from [com.android.support:customtabs:23.1.1] AndroidManifest.xml:22:5-20
MERGED from [com.android.support:support-v4:23.4.0] AndroidManifest.xml:22:5-20
	android:label
		ADDED from src\main\AndroidManifest.xml:16:9-41
	android:supportsRtl
		ADDED from src\main\AndroidManifest.xml:17:9-35
	android:allowBackup
		ADDED from src\main\AndroidManifest.xml:14:9-35
	android:icon
		ADDED from src\main\AndroidManifest.xml:15:9-43
	android:theme
		ADDED from src\main\AndroidManifest.xml:18:9-40
	android:name
		ADDED from src\main\AndroidManifest.xml:13:18-47
activity#com.suyashsrijan.forcedoze.MainActivity
ADDED from src\main\AndroidManifest.xml:19:9-25:20
	android:name
		ADDED from src\main\AndroidManifest.xml:19:19-47
intent-filter#android.intent.action.MAIN+android.intent.category.DEFAULT+android.intent.category.LAUNCHER
ADDED from src\main\AndroidManifest.xml:20:13-24:29
action#android.intent.action.MAIN
ADDED from src\main\AndroidManifest.xml:21:17-69
	android:name
		ADDED from src\main\AndroidManifest.xml:21:25-66
category#android.intent.category.DEFAULT
ADDED from src\main\AndroidManifest.xml:22:17-76
	android:name
		ADDED from src\main\AndroidManifest.xml:22:27-73
category#android.intent.category.LAUNCHER
ADDED from src\main\AndroidManifest.xml:23:17-77
	android:name
		ADDED from src\main\AndroidManifest.xml:23:27-74
receiver#com.suyashsrijan.forcedoze.BootCompleteReceiver
ADDED from src\main\AndroidManifest.xml:26:9-30:20
	android:name
		ADDED from src\main\AndroidManifest.xml:26:19-55
intent-filter#android.intent.action.BOOT_COMPLETED
ADDED from src\main\AndroidManifest.xml:27:13-29:29
action#android.intent.action.BOOT_COMPLETED
ADDED from src\main\AndroidManifest.xml:28:17-79
	android:name
		ADDED from src\main\AndroidManifest.xml:28:25-76
receiver#com.suyashsrijan.forcedoze.AutoRestartOnUpdate
ADDED from src\main\AndroidManifest.xml:31:9-36:20
	android:name
		ADDED from src\main\AndroidManifest.xml:31:19-54
intent-filter#android.intent.action.PACKAGE_REPLACED
ADDED from src\main\AndroidManifest.xml:32:13-35:29
action#android.intent.action.PACKAGE_REPLACED
ADDED from src\main\AndroidManifest.xml:33:17-81
	android:name
		ADDED from src\main\AndroidManifest.xml:33:25-78
data
ADDED from src\main\AndroidManifest.xml:34:17-50
	android:scheme
		ADDED from src\main\AndroidManifest.xml:34:23-47
receiver#com.suyashsrijan.forcedoze.EnableForceDozeService
ADDED from src\main\AndroidManifest.xml:37:9-41:20
	android:enabled
		ADDED from src\main\AndroidManifest.xml:37:19-41
	android:name
		ADDED from src\main\AndroidManifest.xml:37:42-106
intent-filter#com.suyashsrijan.forcedoze.ENABLE_FORCEDOZE
ADDED from src\main\AndroidManifest.xml:38:13-40:29
action#com.suyashsrijan.forcedoze.ENABLE_FORCEDOZE
ADDED from src\main\AndroidManifest.xml:39:17-85
	android:name
		ADDED from src\main\AndroidManifest.xml:39:25-83
receiver#com.suyashsrijan.forcedoze.DisableForceDozeService
ADDED from src\main\AndroidManifest.xml:42:9-46:20
	android:enabled
		ADDED from src\main\AndroidManifest.xml:42:19-41
	android:name
		ADDED from src\main\AndroidManifest.xml:42:42-107
intent-filter#com.suyashsrijan.forcedoze.DISABLE_FORCEDOZE
ADDED from src\main\AndroidManifest.xml:43:13-45:29
action#com.suyashsrijan.forcedoze.DISABLE_FORCEDOZE
ADDED from src\main\AndroidManifest.xml:44:17-86
	android:name
		ADDED from src\main\AndroidManifest.xml:44:25-84
receiver#com.suyashsrijan.forcedoze.AddWhiteListReceiver
ADDED from src\main\AndroidManifest.xml:47:9-51:20
	android:enabled
		ADDED from src\main\AndroidManifest.xml:47:19-41
	android:name
		ADDED from src\main\AndroidManifest.xml:47:42-104
intent-filter#com.suyashsrijan.forcedoze.ADD_WHITELIST
ADDED from src\main\AndroidManifest.xml:48:13-50:29
action#com.suyashsrijan.forcedoze.ADD_WHITELIST
ADDED from src\main\AndroidManifest.xml:49:17-82
	android:name
		ADDED from src\main\AndroidManifest.xml:49:25-80
receiver#com.suyashsrijan.forcedoze.RemoveWhiteListReceiver
ADDED from src\main\AndroidManifest.xml:52:9-56:20
	android:enabled
		ADDED from src\main\AndroidManifest.xml:52:19-41
	android:name
		ADDED from src\main\AndroidManifest.xml:52:42-107
intent-filter#com.suyashsrijan.forcedoze.REMOVE_WHITELIST
ADDED from src\main\AndroidManifest.xml:53:13-55:29
action#com.suyashsrijan.forcedoze.REMOVE_WHITELIST
ADDED from src\main\AndroidManifest.xml:54:17-85
	android:name
		ADDED from src\main\AndroidManifest.xml:54:25-83
service#com.suyashsrijan.forcedoze.ForceDozeService
ADDED from src\main\AndroidManifest.xml:57:9-60:40
	android:enabled
		ADDED from src\main\AndroidManifest.xml:59:13-35
	android:exported
		ADDED from src\main\AndroidManifest.xml:60:13-37
	android:name
		ADDED from src\main\AndroidManifest.xml:58:13-45
activity#com.suyashsrijan.forcedoze.DozeStatsActivity
ADDED from src\main\AndroidManifest.xml:61:9-63:50
	android:label
		ADDED from src\main\AndroidManifest.xml:63:13-47
	android:name
		ADDED from src\main\AndroidManifest.xml:62:13-46
activity#com.suyashsrijan.forcedoze.WhitelistAppsActivity
ADDED from src\main\AndroidManifest.xml:64:9-66:41
	android:label
		ADDED from src\main\AndroidManifest.xml:66:13-38
	android:name
		ADDED from src\main\AndroidManifest.xml:65:13-50
activity#com.suyashsrijan.forcedoze.SettingsActivity
ADDED from src\main\AndroidManifest.xml:67:9-69:40
	android:label
		ADDED from src\main\AndroidManifest.xml:69:13-37
	android:name
		ADDED from src\main\AndroidManifest.xml:68:13-45
activity#com.suyashsrijan.forcedoze.LogActivity
ADDED from src\main\AndroidManifest.xml:70:9-84
	android:label
		ADDED from src\main\AndroidManifest.xml:70:47-72
	android:name
		ADDED from src\main\AndroidManifest.xml:70:19-46
activity#com.suyashsrijan.forcedoze.PackageChooserActivity
ADDED from src\main\AndroidManifest.xml:71:9-101
	android:label
		ADDED from src\main\AndroidManifest.xml:71:58-89
	android:name
		ADDED from src\main\AndroidManifest.xml:71:19-57
meta-data#xposedmodule
ADDED from src\main\AndroidManifest.xml:72:9-74:36
	android:value
		ADDED from src\main\AndroidManifest.xml:74:13-33
	android:name
		ADDED from src\main\AndroidManifest.xml:73:13-40
meta-data#xposeddescription
ADDED from src\main\AndroidManifest.xml:75:9-77:63
	android:value
		ADDED from src\main\AndroidManifest.xml:77:13-60
	android:name
		ADDED from src\main\AndroidManifest.xml:76:13-45
meta-data#xposedminversion
ADDED from src\main\AndroidManifest.xml:78:9-80:34
	android:value
		ADDED from src\main\AndroidManifest.xml:80:13-31
	android:name
		ADDED from src\main\AndroidManifest.xml:79:13-44
uses-sdk
INJECTED from src\main\AndroidManifest.xml reason: use-sdk injection requested
MERGED from [com.android.support:appcompat-v7:23.4.0] AndroidManifest.xml:21:5-23:78
MERGED from [com.android.support:animated-vector-drawable:23.4.0] AndroidManifest.xml:5:5-44
MERGED from [com.android.support:support-vector-drawable:23.4.0] AndroidManifest.xml:5:5-43
MERGED from [com.android.support:support-v4:23.4.0] AndroidManifest.xml:20:5-43
MERGED from [com.android.support:support-v4:23.4.0] AndroidManifest.xml:20:5-43
MERGED from [com.android.support:support-vector-drawable:23.4.0] AndroidManifest.xml:5:5-43
MERGED from [com.android.support:support-v4:23.4.0] AndroidManifest.xml:20:5-43
MERGED from [com.android.support:design:23.4.0] AndroidManifest.xml:20:5-43
MERGED from [com.android.support:recyclerview-v7:23.4.0] AndroidManifest.xml:20:5-43
MERGED from [com.android.support:support-v4:23.4.0] AndroidManifest.xml:20:5-43
MERGED from [com.android.support:appcompat-v7:23.4.0] AndroidManifest.xml:21:5-23:78
MERGED from [com.android.support:animated-vector-drawable:23.4.0] AndroidManifest.xml:5:5-44
MERGED from [com.android.support:support-vector-drawable:23.4.0] AndroidManifest.xml:5:5-43
MERGED from [com.android.support:support-v4:23.4.0] AndroidManifest.xml:20:5-43
MERGED from [com.android.support:support-v4:23.4.0] AndroidManifest.xml:20:5-43
MERGED from [com.android.support:support-vector-drawable:23.4.0] AndroidManifest.xml:5:5-43
MERGED from [com.android.support:support-v4:23.4.0] AndroidManifest.xml:20:5-43
MERGED from [com.android.support:support-v4:23.4.0] AndroidManifest.xml:20:5-43
MERGED from [eu.chainfire:libsuperuser:1.0.0.201602271131] AndroidManifest.xml:7:5-9:41
MERGED from [com.fabiendevos:nanotasks:1.1.0] AndroidManifest.xml:7:5-9:41
MERGED from [com.github.afollestad.material-dialogs:core:0.8.5.8] AndroidManifest.xml:8:5-11:75
MERGED from [com.android.support:recyclerview-v7:23.4.0] AndroidManifest.xml:20:5-43
MERGED from [com.android.support:support-v4:23.4.0] AndroidManifest.xml:20:5-43
MERGED from [me.zhanghai.android.materialprogressbar:library:1.1.5] AndroidManifest.xml:12:5-14:41
MERGED from [com.android.support:appcompat-v7:23.4.0] AndroidManifest.xml:21:5-23:78
MERGED from [com.android.support:animated-vector-drawable:23.4.0] AndroidManifest.xml:5:5-44
MERGED from [com.android.support:support-vector-drawable:23.4.0] AndroidManifest.xml:5:5-43
MERGED from [com.android.support:support-v4:23.4.0] AndroidManifest.xml:20:5-43
MERGED from [com.android.support:support-v4:23.4.0] AndroidManifest.xml:20:5-43
MERGED from [com.android.support:support-vector-drawable:23.4.0] AndroidManifest.xml:5:5-43
MERGED from [com.android.support:support-v4:23.4.0] AndroidManifest.xml:20:5-43
MERGED from [com.android.support:support-v4:23.4.0] AndroidManifest.xml:20:5-43
MERGED from [com.android.support:appcompat-v7:23.4.0] AndroidManifest.xml:21:5-23:78
MERGED from [com.android.support:animated-vector-drawable:23.4.0] AndroidManifest.xml:5:5-44
MERGED from [com.android.support:support-vector-drawable:23.4.0] AndroidManifest.xml:5:5-43
MERGED from [com.android.support:support-v4:23.4.0] AndroidManifest.xml:20:5-43
MERGED from [com.android.support:support-v4:23.4.0] AndroidManifest.xml:20:5-43
MERGED from [com.android.support:support-vector-drawable:23.4.0] AndroidManifest.xml:5:5-43
MERGED from [com.android.support:support-v4:23.4.0] AndroidManifest.xml:20:5-43
MERGED from [com.jakewharton:process-phoenix:1.0.2] AndroidManifest.xml:5:5-43
MERGED from [de.cketti.library.changelog:ckchangelog:1.2.2] AndroidManifest.xml:7:5-43
MERGED from [io.github.eliseomartelli:simple-custom-tabs:1.2.0] AndroidManifest.xml:7:5-9:41
MERGED from [com.android.support:customtabs:23.1.1] AndroidManifest.xml:20:5-44
MERGED from [com.android.support:support-v4:23.4.0] AndroidManifest.xml:20:5-43
	tools:overrideLibrary
		ADDED from [com.android.support:appcompat-v7:23.4.0] AndroidManifest.xml:23:9-75
	android:targetSdkVersion
		INJECTED from src\main\AndroidManifest.xml
		INJECTED from src\main\AndroidManifest.xml
	android:minSdkVersion
		INJECTED from src\main\AndroidManifest.xml
		INJECTED from src\main\AndroidManifest.xml
activity#com.jakewharton.processphoenix.ProcessPhoenix
ADDED from [com.jakewharton:process-phoenix:1.0.2] AndroidManifest.xml:8:9-11:75
	android:process
		ADDED from [com.jakewharton:process-phoenix:1.0.2] AndroidManifest.xml:10:13-39
	android:theme
		ADDED from [com.jakewharton:process-phoenix:1.0.2] AndroidManifest.xml:11:13-72
	android:name
		ADDED from [com.jakewharton:process-phoenix:1.0.2] AndroidManifest.xml:9:13-73